c:\users\andres ruiz\documents\github\flappy bird project\obj\debug\ofxguigroup.obj
c:\users\andres ruiz\documents\github\flappy bird project\obj\debug\ofxslider.obj
c:\users\andres ruiz\documents\github\flappy bird project\obj\debug\ofxbutton.obj
c:\users\andres ruiz\documents\github\flappy bird project\obj\debug\ofapp.obj
c:\users\andres ruiz\documents\github\flappy bird project\obj\debug\ofxslidergroup.obj
c:\users\andres ruiz\documents\github\flappy bird project\obj\debug\ofxpanel.obj
c:\users\andres ruiz\documents\github\flappy bird project\obj\debug\ofxbasegui.obj
c:\users\andres ruiz\documents\github\flappy bird project\obj\debug\ofxtoggle.obj
c:\users\andres ruiz\documents\github\flappy bird project\obj\debug\ofxlabel.obj
c:\users\andres ruiz\documents\github\flappy bird project\obj\debug\main.obj
c:\users\andres ruiz\documents\github\flappy bird project\obj\debug\bird.obj
c:\users\andres ruiz\documents\github\flappy bird project\obj\debug\vc140.pdb
c:\users\andres ruiz\documents\github\flappy bird project\obj\debug\tests.obj
c:\users\andres ruiz\documents\github\flappy bird project\bin\flappy bird project_debug.lib
c:\users\andres ruiz\documents\github\flappy bird project\bin\flappy bird project_debug.exp
c:\users\andres ruiz\documents\github\flappy bird project\bin\flappy bird project_debug.ilk
c:\users\andres ruiz\documents\github\flappy bird project\bin\flappy bird project_debug.exe
c:\users\andres ruiz\documents\github\flappy bird project\bin\flappy bird project_debug.pdb
c:\users\andres ruiz\documents\github\flappy bird project\obj\debug\icon.res
c:\users\andres ruiz\documents\github\flappy bird project\obj\debug\flappy bird project.vcxprojresolveassemblyreference.cache
c:\users\andres ruiz\documents\github\flappy bird project\obj\debug\flappy b.7fd42df7.tlog\cl.command.1.tlog
c:\users\andres ruiz\documents\github\flappy bird project\obj\debug\flappy b.7fd42df7.tlog\cl.read.1.tlog
c:\users\andres ruiz\documents\github\flappy bird project\obj\debug\flappy b.7fd42df7.tlog\cl.write.1.tlog
c:\users\andres ruiz\documents\github\flappy bird project\obj\debug\flappy b.7fd42df7.tlog\flappy bird project.write.1u.tlog
c:\users\andres ruiz\documents\github\flappy bird project\obj\debug\flappy b.7fd42df7.tlog\link.command.1.tlog
c:\users\andres ruiz\documents\github\flappy bird project\obj\debug\flappy b.7fd42df7.tlog\link.read.1.tlog
c:\users\andres ruiz\documents\github\flappy bird project\obj\debug\flappy b.7fd42df7.tlog\link.write.1.tlog
c:\users\andres ruiz\documents\github\flappy bird project\obj\debug\flappy b.7fd42df7.tlog\rc.command.1.tlog
c:\users\andres ruiz\documents\github\flappy bird project\obj\debug\flappy b.7fd42df7.tlog\rc.read.1.tlog
c:\users\andres ruiz\documents\github\flappy bird project\obj\debug\flappy b.7fd42df7.tlog\rc.write.1.tlog
